  [1m[35m (2.5ms)[0m  [1m[35mCREATE TABLE "schema_migrations" ("version" varchar NOT NULL PRIMARY KEY)[0m
  [1m[35m (1.6ms)[0m  [1m[35mCREATE TABLE "ar_internal_metadata" ("key" varchar NOT NULL PRIMARY KEY, "value" varchar, "created_at" datetime NOT NULL, "updated_at" datetime NOT NULL)[0m
  [1m[36mActiveRecord::SchemaMigration Load (0.2ms)[0m  [1m[34mSELECT "schema_migrations".* FROM "schema_migrations"[0m
Migrating to CreateProducts (20171026190906)
  [1m[35m (0.1ms)[0m  [1m[36mbegin transaction[0m
  [1m[35m (1.9ms)[0m  [1m[35mCREATE TABLE "products" ("id" INTEGER PRIMARY KEY AUTOINCREMENT NOT NULL, "title" varchar, "description" text, "image_url" varchar, "price" decimal(8,2), "created_at" datetime NOT NULL, "updated_at" datetime NOT NULL)[0m
  [1m[35mSQL (0.2ms)[0m  [1m[32mINSERT INTO "schema_migrations" ("version") VALUES (?)[0m  [["version", "20171026190906"]]
  [1m[35m (1.4ms)[0m  [1m[36mcommit transaction[0m
  [1m[36mActiveRecord::InternalMetadata Load (0.2ms)[0m  [1m[34mSELECT  "ar_internal_metadata".* FROM "ar_internal_metadata" WHERE "ar_internal_metadata"."key" = ? LIMIT ?[0m  [["key", "environment"], ["LIMIT", 1]]
  [1m[35m (0.1ms)[0m  [1m[36mbegin transaction[0m
  [1m[35mSQL (0.4ms)[0m  [1m[32mINSERT INTO "ar_internal_metadata" ("key", "value", "created_at", "updated_at") VALUES (?, ?, ?, ?)[0m  [["key", "environment"], ["value", "development"], ["created_at", "2017-10-26 19:09:38.224184"], ["updated_at", "2017-10-26 19:09:38.224184"]]
  [1m[35m (1.6ms)[0m  [1m[36mcommit transaction[0m
  [1m[36mActiveRecord::SchemaMigration Load (0.2ms)[0m  [1m[34mSELECT "schema_migrations".* FROM "schema_migrations"[0m
Started GET "/products" for 127.0.0.1 at 2017-10-26 17:16:25 -0200
  [1m[36mActiveRecord::SchemaMigration Load (0.2ms)[0m  [1m[34mSELECT "schema_migrations".* FROM "schema_migrations"[0m
Processing by ProductsController#index as HTML
Completed 500 Internal Server Error in 11ms (ActiveRecord: 0.0ms)


  
SyntaxError (/Users/gustavoziaugra/Documents/GitHub/depo_rails/app/models/product.rb:2: syntax error, unexpected tIDENTIFIER, expecting keyword_end
...e_url, presence: true validates :title, uniqueness: true
...                               ^):
  
app/models/product.rb:2: syntax error, unexpected tIDENTIFIER, expecting keyword_end
app/controllers/products_controller.rb:7:in `index'
  Rendering /Users/gustavoziaugra/.rvm/gems/ruby-2.3.1/gems/actionpack-5.0.6/lib/action_dispatch/middleware/templates/rescues/diagnostics.html.erb within rescues/layout
  Rendering /Users/gustavoziaugra/.rvm/gems/ruby-2.3.1/gems/actionpack-5.0.6/lib/action_dispatch/middleware/templates/rescues/_source.html.erb
  Rendered /Users/gustavoziaugra/.rvm/gems/ruby-2.3.1/gems/actionpack-5.0.6/lib/action_dispatch/middleware/templates/rescues/_source.html.erb (4.0ms)
  Rendering /Users/gustavoziaugra/.rvm/gems/ruby-2.3.1/gems/actionpack-5.0.6/lib/action_dispatch/middleware/templates/rescues/_trace.html.erb
  Rendered /Users/gustavoziaugra/.rvm/gems/ruby-2.3.1/gems/actionpack-5.0.6/lib/action_dispatch/middleware/templates/rescues/_trace.html.erb (1.8ms)
  Rendering /Users/gustavoziaugra/.rvm/gems/ruby-2.3.1/gems/actionpack-5.0.6/lib/action_dispatch/middleware/templates/rescues/_request_and_response.html.erb
  Rendered /Users/gustavoziaugra/.rvm/gems/ruby-2.3.1/gems/actionpack-5.0.6/lib/action_dispatch/middleware/templates/rescues/_request_and_response.html.erb (0.9ms)
  Rendered /Users/gustavoziaugra/.rvm/gems/ruby-2.3.1/gems/actionpack-5.0.6/lib/action_dispatch/middleware/templates/rescues/diagnostics.html.erb within rescues/layout (122.6ms)
Started GET "/products" for 127.0.0.1 at 2017-10-26 17:16:45 -0200
Processing by ProductsController#index as HTML
  Rendering products/index.html.erb within layouts/application
  [1m[36mProduct Load (0.3ms)[0m  [1m[34mSELECT "products".* FROM "products"[0m
  Rendered products/index.html.erb within layouts/application (3.0ms)
Completed 200 OK in 954ms (Views: 938.0ms | ActiveRecord: 0.7ms)


Started GET "/products/new" for 127.0.0.1 at 2017-10-26 17:17:17 -0200
Processing by ProductsController#new as HTML
  Rendering products/new.html.erb within layouts/application
  Rendered products/_form.html.erb (317.6ms)
  Rendered products/new.html.erb within layouts/application (320.6ms)
Completed 500 Internal Server Error in 337ms (ActiveRecord: 0.5ms)


  
ActionView::Template::Error (undefined local variable or method `form' for #<#<Class:0x007f857339d320>:0x007f8576a98d70>
Did you mean?  format
               formats
               formats=
               form_for
               form_tag
               fork):
    18: 
    19:   <div class="field">
    20:     <%= f.label :description %>
    21:     <%= form.text_area :description, id: :product_description, rows: 10, cols: 60 %>
    22:   </div>
    23: 
    24:   <div class="field">
  
app/views/products/_form.html.erb:21:in `block in _app_views_products__form_html_erb__4424208972852799751_70105598935900'
app/views/products/_form.html.erb:1:in `_app_views_products__form_html_erb__4424208972852799751_70105598935900'
app/views/products/new.html.erb:3:in `_app_views_products_new_html_erb__1727490710015587041_70105599103720'
  Rendering /Users/gustavoziaugra/.rvm/gems/ruby-2.3.1/gems/actionpack-5.0.6/lib/action_dispatch/middleware/templates/rescues/template_error.html.erb within rescues/layout
  Rendering /Users/gustavoziaugra/.rvm/gems/ruby-2.3.1/gems/actionpack-5.0.6/lib/action_dispatch/middleware/templates/rescues/_source.html.erb
  Rendered /Users/gustavoziaugra/.rvm/gems/ruby-2.3.1/gems/actionpack-5.0.6/lib/action_dispatch/middleware/templates/rescues/_source.html.erb (5.7ms)
  Rendering /Users/gustavoziaugra/.rvm/gems/ruby-2.3.1/gems/actionpack-5.0.6/lib/action_dispatch/middleware/templates/rescues/_trace.html.erb
  Rendered /Users/gustavoziaugra/.rvm/gems/ruby-2.3.1/gems/actionpack-5.0.6/lib/action_dispatch/middleware/templates/rescues/_trace.html.erb (2.6ms)
  Rendering /Users/gustavoziaugra/.rvm/gems/ruby-2.3.1/gems/actionpack-5.0.6/lib/action_dispatch/middleware/templates/rescues/_request_and_response.html.erb
  Rendered /Users/gustavoziaugra/.rvm/gems/ruby-2.3.1/gems/actionpack-5.0.6/lib/action_dispatch/middleware/templates/rescues/_request_and_response.html.erb (0.9ms)
  Rendered /Users/gustavoziaugra/.rvm/gems/ruby-2.3.1/gems/actionpack-5.0.6/lib/action_dispatch/middleware/templates/rescues/template_error.html.erb within rescues/layout (155.9ms)
  [1m[36mActiveRecord::SchemaMigration Load (0.2ms)[0m  [1m[34mSELECT "schema_migrations".* FROM "schema_migrations"[0m
  [1m[35mSQL (1.6ms)[0m  [1m[31mDELETE FROM "products"[0m
  [1m[35m (0.1ms)[0m  [1m[36mbegin transaction[0m
  [1m[36mProduct Exists (0.2ms)[0m  [1m[34mSELECT  1 AS one FROM "products" WHERE "products"."title" = ? LIMIT ?[0m  [["title", "Rails, Angular, Postgres, and Bootstrap"], ["LIMIT", 1]]
  [1m[35mSQL (0.4ms)[0m  [1m[32mINSERT INTO "products" ("title", "description", "image_url", "price", "created_at", "updated_at") VALUES (?, ?, ?, ?, ?, ?)[0m  [["title", "Rails, Angular, Postgres, and Bootstrap"], ["description", "<p>\n      <em>Powerful, Effective, and Efficient Full-Stack Web Development</em>\n      As a Rails developer, you care about user experience and performance,\n      but you also want simple and maintainable code. Achieve all that by\n      embracing the full stack of web development, from styling with\n      Bootstrap, building an interactive user interface with AngularJS, to\n      storing data quickly and reliably in PostgreSQL. Take a holistic view of\n      full-stack development to create usable, high-performing applications,\n      and learn to use these technologies effectively in a Ruby on Rails\n      environment.\n      </p>"], ["image_url", "dcbang.jpg"], ["price", 45.0], ["created_at", "2017-10-26 19:17:18.210025"], ["updated_at", "2017-10-26 19:17:18.210025"]]
  [1m[35m (1.5ms)[0m  [1m[36mcommit transaction[0m
  [1m[35m (0.1ms)[0m  [1m[36mbegin transaction[0m
  [1m[36mProduct Exists (0.2ms)[0m  [1m[34mSELECT  1 AS one FROM "products" WHERE "products"."title" = ? LIMIT ?[0m  [["title", "Seven Mobile Apps in Seven Weeks"], ["LIMIT", 1]]
  [1m[35mSQL (0.4ms)[0m  [1m[32mINSERT INTO "products" ("title", "description", "image_url", "price", "created_at", "updated_at") VALUES (?, ?, ?, ?, ?, ?)[0m  [["title", "Seven Mobile Apps in Seven Weeks"], ["description", "<p>\n      <em>Native Apps, Multiple Platforms</em>\n      Answer the question “Can we build this for ALL the devices?” with a\n      resounding YES. This book will help you get there with a real-world\n      introduction to seven platforms, whether you’re new to mobile or an\n      experienced developer needing to expand your options. Plus, you’ll find\n      out which cross-platform solution makes the most sense for your needs.\n      </p>"], ["image_url", "7apps.jpg"], ["price", 26.0], ["created_at", "2017-10-26 19:17:18.215176"], ["updated_at", "2017-10-26 19:17:18.215176"]]
  [1m[35m (1.5ms)[0m  [1m[36mcommit transaction[0m
  [1m[35m (0.1ms)[0m  [1m[36mbegin transaction[0m
  [1m[36mProduct Exists (0.2ms)[0m  [1m[34mSELECT  1 AS one FROM "products" WHERE "products"."title" = ? LIMIT ?[0m  [["title", "Ruby Performance Optimization"], ["LIMIT", 1]]
  [1m[35mSQL (0.3ms)[0m  [1m[32mINSERT INTO "products" ("title", "description", "image_url", "price", "created_at", "updated_at") VALUES (?, ?, ?, ?, ?, ?)[0m  [["title", "Ruby Performance Optimization"], ["description", "<p>\n      <em>Why Ruby Is Slow, and How to Fix It</em>\n      You don’t have to accept slow Ruby or Rails performance. In this\n      comprehensive guide to Ruby optimization, you’ll learn how to write\n      faster Ruby code—but that’s just the beginning. See exactly what makes\n      Ruby and Rails code slow, and how to fix it. Alex Dymo will guide you\n      through perils of memory and CPU optimization, profiling, measuring,\n      performance testing, garbage collection, and tuning. You’ll find that\n      all those “hard” things aren’t so difficult after all, and your code\n      will run orders of magnitude faster.\n      </p>"], ["image_url", "adrpo.jpg"], ["price", 46.0], ["created_at", "2017-10-26 19:17:18.219544"], ["updated_at", "2017-10-26 19:17:18.219544"]]
  [1m[35m (1.5ms)[0m  [1m[36mcommit transaction[0m
Started GET "/products/new" for 127.0.0.1 at 2017-10-26 17:17:18 -0200
Processing by ProductsController#new as HTML
  Rendering products/new.html.erb within layouts/application
  Rendered products/_form.html.erb (308.3ms)
  Rendered products/new.html.erb within layouts/application (310.7ms)
Completed 500 Internal Server Error in 317ms (ActiveRecord: 0.0ms)


  
ActionView::Template::Error (undefined local variable or method `form' for #<#<Class:0x007f857339d320>:0x007f8574ee6370>
Did you mean?  format
               formats
               formats=
               form_for
               form_tag
               fork):
    18: 
    19:   <div class="field">
    20:     <%= f.label :description %>
    21:     <%= form.text_area :description, id: :product_description, rows: 10, cols: 60 %>
    22:   </div>
    23: 
    24:   <div class="field">
  
app/views/products/_form.html.erb:21:in `block in _app_views_products__form_html_erb__4424208972852799751_70105584586500'
app/views/products/_form.html.erb:1:in `_app_views_products__form_html_erb__4424208972852799751_70105584586500'
app/views/products/new.html.erb:3:in `_app_views_products_new_html_erb__1727490710015587041_70105584580260'
  Rendering /Users/gustavoziaugra/.rvm/gems/ruby-2.3.1/gems/actionpack-5.0.6/lib/action_dispatch/middleware/templates/rescues/template_error.html.erb within rescues/layout
  Rendering /Users/gustavoziaugra/.rvm/gems/ruby-2.3.1/gems/actionpack-5.0.6/lib/action_dispatch/middleware/templates/rescues/_source.html.erb
  Rendered /Users/gustavoziaugra/.rvm/gems/ruby-2.3.1/gems/actionpack-5.0.6/lib/action_dispatch/middleware/templates/rescues/_source.html.erb (6.0ms)
  Rendering /Users/gustavoziaugra/.rvm/gems/ruby-2.3.1/gems/actionpack-5.0.6/lib/action_dispatch/middleware/templates/rescues/_trace.html.erb
  Rendered /Users/gustavoziaugra/.rvm/gems/ruby-2.3.1/gems/actionpack-5.0.6/lib/action_dispatch/middleware/templates/rescues/_trace.html.erb (2.2ms)
  Rendering /Users/gustavoziaugra/.rvm/gems/ruby-2.3.1/gems/actionpack-5.0.6/lib/action_dispatch/middleware/templates/rescues/_request_and_response.html.erb
  Rendered /Users/gustavoziaugra/.rvm/gems/ruby-2.3.1/gems/actionpack-5.0.6/lib/action_dispatch/middleware/templates/rescues/_request_and_response.html.erb (0.9ms)
  Rendered /Users/gustavoziaugra/.rvm/gems/ruby-2.3.1/gems/actionpack-5.0.6/lib/action_dispatch/middleware/templates/rescues/template_error.html.erb within rescues/layout (121.2ms)
Started GET "/products/new" for 127.0.0.1 at 2017-10-26 17:17:19 -0200
Processing by ProductsController#new as HTML
  Rendering products/new.html.erb within layouts/application
  Rendered products/_form.html.erb (172.6ms)
  Rendered products/new.html.erb within layouts/application (174.4ms)
Completed 500 Internal Server Error in 182ms (ActiveRecord: 0.0ms)


  
ActionView::Template::Error (undefined local variable or method `form' for #<#<Class:0x007f857339d320>:0x007f8578999e18>
Did you mean?  format
               formats
               formats=
               form_for
               form_tag
               fork):
    18: 
    19:   <div class="field">
    20:     <%= f.label :description %>
    21:     <%= form.text_area :description, id: :product_description, rows: 10, cols: 60 %>
    22:   </div>
    23: 
    24:   <div class="field">
  
app/views/products/_form.html.erb:21:in `block in _app_views_products__form_html_erb__4424208972852799751_70105601158440'
app/views/products/_form.html.erb:1:in `_app_views_products__form_html_erb__4424208972852799751_70105601158440'
app/views/products/new.html.erb:3:in `_app_views_products_new_html_erb__1727490710015587041_70105615356920'
  Rendering /Users/gustavoziaugra/.rvm/gems/ruby-2.3.1/gems/actionpack-5.0.6/lib/action_dispatch/middleware/templates/rescues/template_error.html.erb within rescues/layout
  Rendering /Users/gustavoziaugra/.rvm/gems/ruby-2.3.1/gems/actionpack-5.0.6/lib/action_dispatch/middleware/templates/rescues/_source.html.erb
  Rendered /Users/gustavoziaugra/.rvm/gems/ruby-2.3.1/gems/actionpack-5.0.6/lib/action_dispatch/middleware/templates/rescues/_source.html.erb (5.3ms)
  Rendering /Users/gustavoziaugra/.rvm/gems/ruby-2.3.1/gems/actionpack-5.0.6/lib/action_dispatch/middleware/templates/rescues/_trace.html.erb
  Rendered /Users/gustavoziaugra/.rvm/gems/ruby-2.3.1/gems/actionpack-5.0.6/lib/action_dispatch/middleware/templates/rescues/_trace.html.erb (2.2ms)
  Rendering /Users/gustavoziaugra/.rvm/gems/ruby-2.3.1/gems/actionpack-5.0.6/lib/action_dispatch/middleware/templates/rescues/_request_and_response.html.erb
  Rendered /Users/gustavoziaugra/.rvm/gems/ruby-2.3.1/gems/actionpack-5.0.6/lib/action_dispatch/middleware/templates/rescues/_request_and_response.html.erb (0.9ms)
  Rendered /Users/gustavoziaugra/.rvm/gems/ruby-2.3.1/gems/actionpack-5.0.6/lib/action_dispatch/middleware/templates/rescues/template_error.html.erb within rescues/layout (122.6ms)
Started GET "/products/new" for 127.0.0.1 at 2017-10-26 17:17:41 -0200
Processing by ProductsController#new as HTML
  Rendering products/new.html.erb within layouts/application
  Rendered products/_form.html.erb (4.6ms)
  Rendered products/new.html.erb within layouts/application (6.5ms)
Completed 200 OK in 34ms (Views: 31.1ms | ActiveRecord: 0.0ms)


Started GET "/products" for 127.0.0.1 at 2017-10-26 17:17:43 -0200
Processing by ProductsController#index as HTML
  Rendering products/index.html.erb within layouts/application
  [1m[36mProduct Load (0.2ms)[0m  [1m[34mSELECT "products".* FROM "products"[0m
  Rendered products/index.html.erb within layouts/application (35.5ms)
Completed 200 OK in 87ms (Views: 82.9ms | ActiveRecord: 0.2ms)


Started GET "/products/new" for 127.0.0.1 at 2017-10-26 17:17:44 -0200
Processing by ProductsController#new as HTML
  Rendering products/new.html.erb within layouts/application
  Rendered products/_form.html.erb (3.4ms)
  Rendered products/new.html.erb within layouts/application (6.2ms)
Completed 200 OK in 37ms (Views: 32.8ms | ActiveRecord: 0.0ms)


Started POST "/products" for 127.0.0.1 at 2017-10-26 17:17:45 -0200
Processing by ProductsController#create as HTML
  Parameters: {"utf8"=>"✓", "authenticity_token"=>"jbZ4mjWp66FU8soA1m+PlGw0M81VKUnBRcare70t9XXkjH1Ia3esF+/uNwRVST2W0dFMLjS8EIyrZf8QB9X42w==", "product"=>{"title"=>"", "description"=>"", "image_url"=>"", "price"=>""}, "commit"=>"Create Product"}
  [1m[35m (0.1ms)[0m  [1m[36mbegin transaction[0m
  [1m[36mProduct Exists (0.2ms)[0m  [1m[34mSELECT  1 AS one FROM "products" WHERE "products"."title" = ? LIMIT ?[0m  [["title", ""], ["LIMIT", 1]]
  [1m[35m (0.1ms)[0m  [1m[31mrollback transaction[0m
  Rendering products/new.html.erb within layouts/application
  Rendered products/_form.html.erb (4.6ms)
  Rendered products/new.html.erb within layouts/application (6.9ms)
Completed 200 OK in 47ms (Views: 26.2ms | ActiveRecord: 0.4ms)


Started GET "/umanni_hr" for 127.0.0.1 at 2017-11-07 14:26:10 -0200
  [1m[36mActiveRecord::SchemaMigration Load (0.5ms)[0m  [1m[34mSELECT "schema_migrations".* FROM "schema_migrations"[0m
  
ActionController::RoutingError (No route matches [GET] "/umanni_hr"):
  
actionpack (5.0.6) lib/action_dispatch/middleware/debug_exceptions.rb:53:in `call'
web-console (3.5.1) lib/web_console/middleware.rb:135:in `call_app'
web-console (3.5.1) lib/web_console/middleware.rb:28:in `block in call'
web-console (3.5.1) lib/web_console/middleware.rb:18:in `catch'
web-console (3.5.1) lib/web_console/middleware.rb:18:in `call'
actionpack (5.0.6) lib/action_dispatch/middleware/show_exceptions.rb:31:in `call'
railties (5.0.6) lib/rails/rack/logger.rb:36:in `call_app'
railties (5.0.6) lib/rails/rack/logger.rb:24:in `block in call'
activesupport (5.0.6) lib/active_support/tagged_logging.rb:69:in `block in tagged'
activesupport (5.0.6) lib/active_support/tagged_logging.rb:26:in `tagged'
activesupport (5.0.6) lib/active_support/tagged_logging.rb:69:in `tagged'
railties (5.0.6) lib/rails/rack/logger.rb:24:in `call'
sprockets-rails (3.2.1) lib/sprockets/rails/quiet_assets.rb:13:in `call'
actionpack (5.0.6) lib/action_dispatch/middleware/request_id.rb:24:in `call'
rack (2.0.3) lib/rack/method_override.rb:22:in `call'
rack (2.0.3) lib/rack/runtime.rb:22:in `call'
activesupport (5.0.6) lib/active_support/cache/strategy/local_cache_middleware.rb:28:in `call'
actionpack (5.0.6) lib/action_dispatch/middleware/executor.rb:12:in `call'
actionpack (5.0.6) lib/action_dispatch/middleware/static.rb:136:in `call'
rack (2.0.3) lib/rack/sendfile.rb:111:in `call'
railties (5.0.6) lib/rails/engine.rb:522:in `call'
puma (3.10.0) lib/puma/configuration.rb:225:in `call'
puma (3.10.0) lib/puma/server.rb:605:in `handle_request'
puma (3.10.0) lib/puma/server.rb:437:in `process_client'
puma (3.10.0) lib/puma/server.rb:301:in `block in run'
puma (3.10.0) lib/puma/thread_pool.rb:120:in `block in spawn_thread'
  Rendering /Users/gustavoziaugra/.rvm/gems/ruby-2.4.1/gems/actionpack-5.0.6/lib/action_dispatch/middleware/templates/rescues/routing_error.html.erb within rescues/layout
  Rendering /Users/gustavoziaugra/.rvm/gems/ruby-2.4.1/gems/actionpack-5.0.6/lib/action_dispatch/middleware/templates/rescues/_trace.html.erb
  Rendered /Users/gustavoziaugra/.rvm/gems/ruby-2.4.1/gems/actionpack-5.0.6/lib/action_dispatch/middleware/templates/rescues/_trace.html.erb (1.5ms)
  Rendered collection of /Users/gustavoziaugra/.rvm/gems/ruby-2.4.1/gems/actionpack-5.0.6/lib/action_dispatch/middleware/templates/routes/_route.html.erb [9 times] (4.1ms)
  Rendered /Users/gustavoziaugra/.rvm/gems/ruby-2.4.1/gems/actionpack-5.0.6/lib/action_dispatch/middleware/templates/routes/_table.html.erb (60.7ms)
  Rendering /Users/gustavoziaugra/.rvm/gems/ruby-2.4.1/gems/actionpack-5.0.6/lib/action_dispatch/middleware/templates/rescues/_request_and_response.html.erb
  Rendered /Users/gustavoziaugra/.rvm/gems/ruby-2.4.1/gems/actionpack-5.0.6/lib/action_dispatch/middleware/templates/rescues/_request_and_response.html.erb (14.0ms)
  Rendered /Users/gustavoziaugra/.rvm/gems/ruby-2.4.1/gems/actionpack-5.0.6/lib/action_dispatch/middleware/templates/rescues/routing_error.html.erb within rescues/layout (201.8ms)
Started GET "/products" for 127.0.0.1 at 2017-11-07 14:26:19 -0200
Processing by ProductsController#index as HTML
  Rendering products/index.html.erb within layouts/application
  [1m[36mProduct Load (0.5ms)[0m  [1m[34mSELECT "products".* FROM "products"[0m
  Rendered products/index.html.erb within layouts/application (437.9ms)
Completed 200 OK in 538ms (Views: 519.4ms | ActiveRecord: 1.2ms)


Started GET "/products/3" for 127.0.0.1 at 2017-11-07 14:26:25 -0200
Processing by ProductsController#show as HTML
  Parameters: {"id"=>"3"}
  [1m[36mProduct Load (0.2ms)[0m  [1m[34mSELECT  "products".* FROM "products" WHERE "products"."id" = ? LIMIT ?[0m  [["id", 3], ["LIMIT", 1]]
  Rendering products/show.html.erb within layouts/application
  Rendered products/show.html.erb within layouts/application (0.9ms)
Completed 200 OK in 45ms (Views: 23.1ms | ActiveRecord: 0.2ms)


Started GET "/products" for 127.0.0.1 at 2017-11-07 14:26:27 -0200
Processing by ProductsController#index as HTML
  Rendering products/index.html.erb within layouts/application
  [1m[36mProduct Load (0.3ms)[0m  [1m[34mSELECT "products".* FROM "products"[0m
  Rendered products/index.html.erb within layouts/application (20.9ms)
Completed 200 OK in 51ms (Views: 47.3ms | ActiveRecord: 0.3ms)


Started GET "/questions" for 127.0.0.1 at 2017-11-07 14:26:29 -0200
  
ActionController::RoutingError (No route matches [GET] "/questions"):
  
actionpack (5.0.6) lib/action_dispatch/middleware/debug_exceptions.rb:53:in `call'
web-console (3.5.1) lib/web_console/middleware.rb:135:in `call_app'
web-console (3.5.1) lib/web_console/middleware.rb:28:in `block in call'
web-console (3.5.1) lib/web_console/middleware.rb:18:in `catch'
web-console (3.5.1) lib/web_console/middleware.rb:18:in `call'
actionpack (5.0.6) lib/action_dispatch/middleware/show_exceptions.rb:31:in `call'
railties (5.0.6) lib/rails/rack/logger.rb:36:in `call_app'
railties (5.0.6) lib/rails/rack/logger.rb:24:in `block in call'
activesupport (5.0.6) lib/active_support/tagged_logging.rb:69:in `block in tagged'
activesupport (5.0.6) lib/active_support/tagged_logging.rb:26:in `tagged'
activesupport (5.0.6) lib/active_support/tagged_logging.rb:69:in `tagged'
railties (5.0.6) lib/rails/rack/logger.rb:24:in `call'
sprockets-rails (3.2.1) lib/sprockets/rails/quiet_assets.rb:13:in `call'
actionpack (5.0.6) lib/action_dispatch/middleware/request_id.rb:24:in `call'
rack (2.0.3) lib/rack/method_override.rb:22:in `call'
rack (2.0.3) lib/rack/runtime.rb:22:in `call'
activesupport (5.0.6) lib/active_support/cache/strategy/local_cache_middleware.rb:28:in `call'
actionpack (5.0.6) lib/action_dispatch/middleware/executor.rb:12:in `call'
actionpack (5.0.6) lib/action_dispatch/middleware/static.rb:136:in `call'
rack (2.0.3) lib/rack/sendfile.rb:111:in `call'
railties (5.0.6) lib/rails/engine.rb:522:in `call'
puma (3.10.0) lib/puma/configuration.rb:225:in `call'
puma (3.10.0) lib/puma/server.rb:605:in `handle_request'
puma (3.10.0) lib/puma/server.rb:437:in `process_client'
puma (3.10.0) lib/puma/server.rb:301:in `block in run'
puma (3.10.0) lib/puma/thread_pool.rb:120:in `block in spawn_thread'
  Rendering /Users/gustavoziaugra/.rvm/gems/ruby-2.4.1/gems/actionpack-5.0.6/lib/action_dispatch/middleware/templates/rescues/routing_error.html.erb within rescues/layout
  Rendering /Users/gustavoziaugra/.rvm/gems/ruby-2.4.1/gems/actionpack-5.0.6/lib/action_dispatch/middleware/templates/rescues/_trace.html.erb
  Rendered /Users/gustavoziaugra/.rvm/gems/ruby-2.4.1/gems/actionpack-5.0.6/lib/action_dispatch/middleware/templates/rescues/_trace.html.erb (1.4ms)
  Rendered collection of /Users/gustavoziaugra/.rvm/gems/ruby-2.4.1/gems/actionpack-5.0.6/lib/action_dispatch/middleware/templates/routes/_route.html.erb [9 times] (2.7ms)
  Rendered /Users/gustavoziaugra/.rvm/gems/ruby-2.4.1/gems/actionpack-5.0.6/lib/action_dispatch/middleware/templates/routes/_table.html.erb (1.1ms)
  Rendering /Users/gustavoziaugra/.rvm/gems/ruby-2.4.1/gems/actionpack-5.0.6/lib/action_dispatch/middleware/templates/rescues/_request_and_response.html.erb
  Rendered /Users/gustavoziaugra/.rvm/gems/ruby-2.4.1/gems/actionpack-5.0.6/lib/action_dispatch/middleware/templates/rescues/_request_and_response.html.erb (1.2ms)
  Rendered /Users/gustavoziaugra/.rvm/gems/ruby-2.4.1/gems/actionpack-5.0.6/lib/action_dispatch/middleware/templates/rescues/routing_error.html.erb within rescues/layout (102.5ms)
Started GET "/products" for 127.0.0.1 at 2017-11-07 14:26:31 -0200
Processing by ProductsController#index as HTML
  Rendering products/index.html.erb within layouts/application
  [1m[36mProduct Load (0.2ms)[0m  [1m[34mSELECT "products".* FROM "products"[0m
  Rendered products/index.html.erb within layouts/application (6.0ms)
Completed 200 OK in 31ms (Views: 28.8ms | ActiveRecord: 0.2ms)


Started GET "/products" for 127.0.0.1 at 2017-11-07 14:28:47 -0200
Processing by ProductsController#index as HTML
  Rendering products/index.html.erb within layouts/application
  [1m[36mProduct Load (0.3ms)[0m  [1m[34mSELECT "products".* FROM "products"[0m
  Rendered products/index.html.erb within layouts/application (14.2ms)
Completed 200 OK in 54ms (Views: 48.1ms | ActiveRecord: 0.8ms)


Started GET "/products" for 127.0.0.1 at 2017-11-07 14:28:59 -0200
Processing by ProductsController#index as HTML
  Rendering products/index.html.erb within layouts/application
  [1m[36mProduct Load (0.2ms)[0m  [1m[34mSELECT "products".* FROM "products"[0m
  Rendered products/index.html.erb within layouts/application (5.5ms)
Completed 200 OK in 33ms (Views: 30.1ms | ActiveRecord: 0.2ms)


Started GET "/products" for 127.0.0.1 at 2017-11-07 14:29:06 -0200
Processing by ProductsController#index as HTML
  Rendering products/index.html.erb within layouts/application
  [1m[36mProduct Load (0.3ms)[0m  [1m[34mSELECT "products".* FROM "products"[0m
  Rendered products/index.html.erb within layouts/application (6.9ms)
Completed 200 OK in 38ms (Views: 35.6ms | ActiveRecord: 0.3ms)


Started GET "/products" for 127.0.0.1 at 2017-11-07 14:29:13 -0200
Processing by ProductsController#index as HTML
  Rendering products/index.html.erb within layouts/application
  [1m[36mProduct Load (0.3ms)[0m  [1m[34mSELECT "products".* FROM "products"[0m
  Rendered products/index.html.erb within layouts/application (6.5ms)
Completed 200 OK in 31ms (Views: 28.9ms | ActiveRecord: 0.3ms)


Started GET "/products" for 127.0.0.1 at 2017-11-07 14:30:06 -0200
Processing by ProductsController#index as HTML
  Rendering products/index.html.erb within layouts/application
  [1m[36mProduct Load (0.1ms)[0m  [1m[34mSELECT "products".* FROM "products"[0m
  Rendered products/index.html.erb within layouts/application (6.8ms)
Completed 200 OK in 31ms (Views: 28.9ms | ActiveRecord: 0.1ms)


Started GET "/products" for 127.0.0.1 at 2017-11-07 14:30:07 -0200
Processing by ProductsController#index as HTML
  Rendering products/index.html.erb within layouts/application
  [1m[36mProduct Load (0.2ms)[0m  [1m[34mSELECT "products".* FROM "products"[0m
  Rendered products/index.html.erb within layouts/application (7.0ms)
Completed 200 OK in 35ms (Views: 32.7ms | ActiveRecord: 0.2ms)


Started GET "/products" for 127.0.0.1 at 2017-11-07 14:30:48 -0200
Processing by ProductsController#index as HTML
  Rendering products/index.html.erb within layouts/application
  [1m[36mProduct Load (0.2ms)[0m  [1m[34mSELECT "products".* FROM "products"[0m
  Rendered products/index.html.erb within layouts/application (6.0ms)
Completed 200 OK in 33ms (Views: 30.5ms | ActiveRecord: 0.2ms)


Started GET "/products" for 127.0.0.1 at 2017-11-07 14:32:28 -0200
Processing by ProductsController#index as HTML
  Rendering products/index.html.erb within layouts/application
  [1m[36mProduct Load (0.2ms)[0m  [1m[34mSELECT "products".* FROM "products"[0m
  Rendered products/index.html.erb within layouts/application (11.1ms)
Completed 200 OK in 35ms (Views: 33.1ms | ActiveRecord: 0.2ms)


Started GET "/products" for 127.0.0.1 at 2017-11-07 14:32:29 -0200
Processing by ProductsController#index as HTML
  Rendering products/index.html.erb within layouts/application
  [1m[36mProduct Load (0.2ms)[0m  [1m[34mSELECT "products".* FROM "products"[0m
  Rendered products/index.html.erb within layouts/application (6.6ms)
Completed 200 OK in 32ms (Views: 29.4ms | ActiveRecord: 0.2ms)


Started GET "/products" for 127.0.0.1 at 2017-11-07 14:32:29 -0200
Processing by ProductsController#index as HTML
  Rendering products/index.html.erb within layouts/application
  [1m[36mProduct Load (0.2ms)[0m  [1m[34mSELECT "products".* FROM "products"[0m
  Rendered products/index.html.erb within layouts/application (7.0ms)
Completed 200 OK in 39ms (Views: 37.2ms | ActiveRecord: 0.2ms)


Started GET "/products" for 127.0.0.1 at 2017-11-07 14:33:21 -0200
Processing by ProductsController#index as HTML
  Rendering products/index.html.erb within layouts/application
  [1m[36mProduct Load (0.1ms)[0m  [1m[34mSELECT "products".* FROM "products"[0m
  Rendered products/index.html.erb within layouts/application (6.2ms)
Completed 200 OK in 29ms (Views: 27.3ms | ActiveRecord: 0.1ms)


Started GET "/products" for 127.0.0.1 at 2017-11-07 14:33:22 -0200
Processing by ProductsController#index as HTML
  Rendering products/index.html.erb within layouts/application
  [1m[36mProduct Load (0.1ms)[0m  [1m[34mSELECT "products".* FROM "products"[0m
  Rendered products/index.html.erb within layouts/application (6.2ms)
Completed 200 OK in 32ms (Views: 29.8ms | ActiveRecord: 0.1ms)


Started GET "/products" for 127.0.0.1 at 2017-11-07 14:33:22 -0200
Processing by ProductsController#index as HTML
  Rendering products/index.html.erb within layouts/application
  [1m[36mProduct Load (0.2ms)[0m  [1m[34mSELECT "products".* FROM "products"[0m
  Rendered products/index.html.erb within layouts/application (5.7ms)
Completed 200 OK in 31ms (Views: 28.8ms | ActiveRecord: 0.2ms)


Started GET "/products" for 127.0.0.1 at 2017-11-07 14:33:23 -0200
Processing by ProductsController#index as HTML
  Rendering products/index.html.erb within layouts/application
  [1m[36mProduct Load (0.2ms)[0m  [1m[34mSELECT "products".* FROM "products"[0m
  Rendered products/index.html.erb within layouts/application (6.6ms)
Completed 200 OK in 34ms (Views: 32.0ms | ActiveRecord: 0.2ms)


Started GET "/products" for 127.0.0.1 at 2017-11-07 14:33:23 -0200
Processing by ProductsController#index as HTML
  Rendering products/index.html.erb within layouts/application
  [1m[36mProduct Load (0.1ms)[0m  [1m[34mSELECT "products".* FROM "products"[0m
  Rendered products/index.html.erb within layouts/application (6.6ms)
Completed 200 OK in 35ms (Views: 31.7ms | ActiveRecord: 0.1ms)


Started GET "/products" for 127.0.0.1 at 2017-11-07 14:33:24 -0200
Processing by ProductsController#index as HTML
  Rendering products/index.html.erb within layouts/application
  [1m[36mProduct Load (0.1ms)[0m  [1m[34mSELECT "products".* FROM "products"[0m
  Rendered products/index.html.erb within layouts/application (7.0ms)
Completed 200 OK in 34ms (Views: 31.5ms | ActiveRecord: 0.1ms)


Started GET "/products" for 127.0.0.1 at 2017-11-07 14:33:24 -0200
Processing by ProductsController#index as HTML
  Rendering products/index.html.erb within layouts/application
  [1m[36mProduct Load (0.2ms)[0m  [1m[34mSELECT "products".* FROM "products"[0m
  Rendered products/index.html.erb within layouts/application (6.8ms)
Completed 200 OK in 40ms (Views: 38.4ms | ActiveRecord: 0.2ms)


Started GET "/products" for 127.0.0.1 at 2017-11-07 14:33:24 -0200
Processing by ProductsController#index as HTML
  Rendering products/index.html.erb within layouts/application
  [1m[36mProduct Load (0.2ms)[0m  [1m[34mSELECT "products".* FROM "products"[0m
  Rendered products/index.html.erb within layouts/application (6.2ms)
Completed 200 OK in 32ms (Views: 29.7ms | ActiveRecord: 0.2ms)


Started GET "/products" for 127.0.0.1 at 2017-11-07 14:33:24 -0200
Processing by ProductsController#index as HTML
  Rendering products/index.html.erb within layouts/application
  [1m[36mProduct Load (0.2ms)[0m  [1m[34mSELECT "products".* FROM "products"[0m
  Rendered products/index.html.erb within layouts/application (7.4ms)
Completed 200 OK in 42ms (Views: 40.1ms | ActiveRecord: 0.2ms)


Started GET "/" for 127.0.0.1 at 2017-11-07 14:33:27 -0200
Processing by StoreController#index as HTML
  Rendering store/index.html.erb within layouts/application
  [1m[36mProduct Load (0.2ms)[0m  [1m[34mSELECT "products".* FROM "products" ORDER BY "products"."title" ASC[0m
  Rendered store/index.html.erb within layouts/application (4.9ms)
Completed 200 OK in 30ms (Views: 27.3ms | ActiveRecord: 0.2ms)


Started GET "/" for 127.0.0.1 at 2017-11-07 14:33:34 -0200
Processing by StoreController#index as HTML
  Rendering store/index.html.erb within layouts/application
  [1m[36mProduct Load (0.2ms)[0m  [1m[34mSELECT "products".* FROM "products" ORDER BY "products"."title" ASC[0m
  Rendered store/index.html.erb within layouts/application (5.3ms)
Completed 200 OK in 34ms (Views: 31.2ms | ActiveRecord: 0.2ms)


Started GET "/" for 127.0.0.1 at 2017-11-07 14:33:35 -0200
Processing by StoreController#index as HTML
  Rendering store/index.html.erb within layouts/application
  [1m[36mProduct Load (0.2ms)[0m  [1m[34mSELECT "products".* FROM "products" ORDER BY "products"."title" ASC[0m
  Rendered store/index.html.erb within layouts/application (6.9ms)
Completed 200 OK in 38ms (Views: 35.8ms | ActiveRecord: 0.2ms)


Started GET "/" for 127.0.0.1 at 2017-11-07 14:33:35 -0200
Processing by StoreController#index as HTML
  Rendering store/index.html.erb within layouts/application
  [1m[36mProduct Load (0.2ms)[0m  [1m[34mSELECT "products".* FROM "products" ORDER BY "products"."title" ASC[0m
  Rendered store/index.html.erb within layouts/application (13.2ms)
Completed 200 OK in 44ms (Views: 41.0ms | ActiveRecord: 0.2ms)


Started GET "/" for 127.0.0.1 at 2017-11-07 14:33:35 -0200
Processing by StoreController#index as HTML
  Rendering store/index.html.erb within layouts/application
  [1m[36mProduct Load (0.2ms)[0m  [1m[34mSELECT "products".* FROM "products" ORDER BY "products"."title" ASC[0m
  Rendered store/index.html.erb within layouts/application (7.1ms)
Completed 200 OK in 37ms (Views: 34.5ms | ActiveRecord: 0.2ms)


Started GET "/" for 127.0.0.1 at 2017-11-07 14:33:35 -0200
Processing by StoreController#index as HTML
  Rendering store/index.html.erb within layouts/application
  [1m[36mProduct Load (0.7ms)[0m  [1m[34mSELECT "products".* FROM "products" ORDER BY "products"."title" ASC[0m
  Rendered store/index.html.erb within layouts/application (6.4ms)
Completed 200 OK in 36ms (Views: 33.5ms | ActiveRecord: 0.7ms)


Started GET "/" for 127.0.0.1 at 2017-11-07 14:33:50 -0200
Processing by StoreController#index as HTML
  Rendering store/index.html.erb within layouts/application
  [1m[36mProduct Load (0.2ms)[0m  [1m[34mSELECT "products".* FROM "products" ORDER BY "products"."title" ASC[0m
  Rendered store/index.html.erb within layouts/application (4.7ms)
Completed 200 OK in 31ms (Views: 28.4ms | ActiveRecord: 0.2ms)


Started GET "/" for 127.0.0.1 at 2017-11-07 14:34:18 -0200
Processing by StoreController#index as HTML
  Rendering store/index.html.erb within layouts/application
  [1m[36mProduct Load (0.2ms)[0m  [1m[34mSELECT "products".* FROM "products" ORDER BY "products"."title" ASC[0m
  Rendered store/index.html.erb within layouts/application (5.7ms)
Completed 200 OK in 43ms (Views: 40.2ms | ActiveRecord: 0.2ms)


Started GET "/" for 127.0.0.1 at 2017-11-07 14:34:18 -0200
Processing by StoreController#index as HTML
  Rendering store/index.html.erb within layouts/application
  [1m[36mProduct Load (0.2ms)[0m  [1m[34mSELECT "products".* FROM "products" ORDER BY "products"."title" ASC[0m
  Rendered store/index.html.erb within layouts/application (5.8ms)
Completed 200 OK in 31ms (Views: 29.0ms | ActiveRecord: 0.2ms)


Started GET "/" for 127.0.0.1 at 2017-11-07 14:34:50 -0200
Processing by StoreController#index as HTML
  Rendering store/index.html.erb within layouts/application
  [1m[36mProduct Load (0.2ms)[0m  [1m[34mSELECT "products".* FROM "products" ORDER BY "products"."title" ASC[0m
  Rendered store/index.html.erb within layouts/application (4.5ms)
Completed 200 OK in 42ms (Views: 39.6ms | ActiveRecord: 0.2ms)


Started GET "/" for 127.0.0.1 at 2017-11-07 14:34:51 -0200
Processing by StoreController#index as HTML
  Rendering store/index.html.erb within layouts/application
  [1m[36mProduct Load (0.2ms)[0m  [1m[34mSELECT "products".* FROM "products" ORDER BY "products"."title" ASC[0m
  Rendered store/index.html.erb within layouts/application (5.5ms)
Completed 200 OK in 32ms (Views: 30.1ms | ActiveRecord: 0.2ms)


Started GET "/" for 127.0.0.1 at 2017-11-07 14:35:48 -0200
Processing by StoreController#index as HTML
  Rendering store/index.html.erb within layouts/application
  [1m[36mProduct Load (0.2ms)[0m  [1m[34mSELECT "products".* FROM "products" ORDER BY "products"."title" ASC[0m
  Rendered store/index.html.erb within layouts/application (5.0ms)
Completed 200 OK in 226ms (Views: 224.1ms | ActiveRecord: 0.2ms)


Started GET "/" for 127.0.0.1 at 2017-11-07 14:48:46 -0200
Processing by StoreController#index as HTML
  Rendering store/index.html.erb within layouts/application
  [1m[36mProduct Load (0.2ms)[0m  [1m[34mSELECT "products".* FROM "products" ORDER BY "products"."title" ASC[0m
  Rendered store/index.html.erb within layouts/application (54.2ms)
Completed 200 OK in 80ms (Views: 78.0ms | ActiveRecord: 0.2ms)


Started GET "/" for 127.0.0.1 at 2017-11-07 14:50:23 -0200
Processing by StoreController#index as HTML
  Rendering store/index.html.erb within layouts/application
  [1m[36mProduct Load (0.2ms)[0m  [1m[34mSELECT "products".* FROM "products" ORDER BY "products"."title" ASC[0m
  Rendered store/index.html.erb within layouts/application (6.3ms)
Completed 200 OK in 30ms (Views: 27.9ms | ActiveRecord: 0.2ms)


Started GET "/" for 127.0.0.1 at 2017-11-07 15:04:39 -0200
  [1m[36mActiveRecord::SchemaMigration Load (5.0ms)[0m  [1m[34mSELECT "schema_migrations".* FROM "schema_migrations"[0m
Processing by StoreController#index as HTML
  Rendering store/index.html.erb within layouts/application
  [1m[36mProduct Load (0.2ms)[0m  [1m[34mSELECT "products".* FROM "products" ORDER BY "products"."title" ASC[0m
  Rendered store/index.html.erb within layouts/application (431.2ms)
Completed 200 OK in 510ms (Views: 492.9ms | ActiveRecord: 0.7ms)


Started GET "/" for 127.0.0.1 at 2017-11-07 15:04:45 -0200
Processing by StoreController#index as HTML
  Rendering store/index.html.erb within layouts/application
  [1m[36mProduct Load (0.2ms)[0m  [1m[34mSELECT "products".* FROM "products" ORDER BY "products"."title" ASC[0m
  Rendered store/index.html.erb within layouts/application (7.7ms)
Completed 200 OK in 35ms (Views: 32.7ms | ActiveRecord: 0.2ms)


Started GET "/" for 127.0.0.1 at 2017-11-07 15:04:45 -0200
Processing by StoreController#index as HTML
  Rendering store/index.html.erb within layouts/application
  [1m[36mProduct Load (0.4ms)[0m  [1m[34mSELECT "products".* FROM "products" ORDER BY "products"."title" ASC[0m
  Rendered store/index.html.erb within layouts/application (10.0ms)
Completed 200 OK in 40ms (Views: 36.5ms | ActiveRecord: 0.4ms)


Started GET "/" for 127.0.0.1 at 2017-11-07 15:04:45 -0200
Processing by StoreController#index as HTML
  Rendering store/index.html.erb within layouts/application
  [1m[36mProduct Load (0.4ms)[0m  [1m[34mSELECT "products".* FROM "products" ORDER BY "products"."title" ASC[0m
  Rendered store/index.html.erb within layouts/application (7.4ms)
Completed 200 OK in 38ms (Views: 35.0ms | ActiveRecord: 0.4ms)


Started GET "/" for 127.0.0.1 at 2017-11-07 15:08:44 -0200
Processing by StoreController#index as HTML
  Rendering store/index.html.erb within layouts/application
  [1m[35m (15.3ms)[0m  [1m[34mSELECT COUNT(*) AS "size", MAX("products"."updated_at") AS timestamp FROM "products"[0m
Read fragment views/products/query-b41f6fbd1a3876c26c349b7e6dd13d56-3-20171026191718219544/3007d44d12458ccfc5eefea2798f4f37 (0.1ms)
  [1m[36mProduct Load (0.1ms)[0m  [1m[34mSELECT "products".* FROM "products" ORDER BY "products"."title" ASC[0m
Read fragment views/products/1-20171026191718210025/3007d44d12458ccfc5eefea2798f4f37 (0.2ms)
Write fragment views/products/1-20171026191718210025/3007d44d12458ccfc5eefea2798f4f37 (0.1ms)
Read fragment views/products/3-20171026191718219544/3007d44d12458ccfc5eefea2798f4f37 (0.0ms)
Write fragment views/products/3-20171026191718219544/3007d44d12458ccfc5eefea2798f4f37 (0.0ms)
Read fragment views/products/2-20171026191718215176/3007d44d12458ccfc5eefea2798f4f37 (0.0ms)
Write fragment views/products/2-20171026191718215176/3007d44d12458ccfc5eefea2798f4f37 (0.0ms)
Write fragment views/products/query-b41f6fbd1a3876c26c349b7e6dd13d56-3-20171026191718219544/3007d44d12458ccfc5eefea2798f4f37 (0.0ms)
  Rendered store/index.html.erb within layouts/application (27.6ms)
Completed 200 OK in 51ms (Views: 33.8ms | ActiveRecord: 15.4ms)


Started GET "/" for 127.0.0.1 at 2017-11-07 15:08:45 -0200
Processing by StoreController#index as HTML
  Rendering store/index.html.erb within layouts/application
  [1m[35m (0.2ms)[0m  [1m[34mSELECT COUNT(*) AS "size", MAX("products"."updated_at") AS timestamp FROM "products"[0m
Read fragment views/products/query-b41f6fbd1a3876c26c349b7e6dd13d56-3-20171026191718219544/3007d44d12458ccfc5eefea2798f4f37 (0.0ms)
  Rendered store/index.html.erb within layouts/application (2.9ms)
Completed 200 OK in 28ms (Views: 25.7ms | ActiveRecord: 0.2ms)


